[2022-03-07 12:33:42] production.ERROR: No application encryption key has been specified. {"exception":"[object] (RuntimeException(code: 0): No application encryption key has been specified. at E:\\xampp\\htdocs\\project\\company\\blank_script\\blank_ecomerce_admin_panel\\ecommerce\\vendor\\laravel\\framework\\src\\Illuminate\\Encryption\\EncryptionServiceProvider.php:44)
[stacktrace]
#0 E:\\xampp\\htdocs\\project\\company\\blank_script\\blank_ecomerce_admin_panel\\ecommerce\\vendor\\laravel\\framework\\src\\Illuminate\\Support\\helpers.php(1124): Illuminate\\Encryption\\EncryptionServiceProvider->Illuminate\\Encryption\\{closure}(NULL)
#1 E:\\xampp\\htdocs\\project\\company\\blank_script\\blank_ecomerce_admin_panel\\ecommerce\\vendor\\laravel\\framework\\src\\Illuminate\\Encryption\\EncryptionServiceProvider.php(48): tap(NULL, Object(Closure))
#2 E:\\xampp\\htdocs\\project\\company\\blank_script\\blank_ecomerce_admin_panel\\ecommerce\\vendor\\laravel\\framework\\src\\Illuminate\\Encryption\\EncryptionServiceProvider.php(24): Illuminate\\Encryption\\EncryptionServiceProvider->key(Array)
#3 E:\\xampp\\htdocs\\project\\company\\blank_script\\blank_ecomerce_admin_panel\\ecommerce\\vendor\\laravel\\framework\\src\\Illuminate\\Container\\Container.php(785): Illuminate\\Encryption\\EncryptionServiceProvider->Illuminate\\Encryption\\{closure}(Object(Illuminate\\Foundation\\Application), Array)
#4 E:\\xampp\\htdocs\\project\\company\\blank_script\\blank_ecomerce_admin_panel\\ecommerce\\vendor\\laravel\\framework\\src\\Illuminate\\Container\\Container.php(667): Illuminate\\Container\\Container->build(Object(Closure))
#5 E:\\xampp\\htdocs\\project\\company\\blank_script\\blank_ecomerce_admin_panel\\ecommerce\\vendor\\laravel\\framework\\src\\Illuminate\\Container\\Container.php(615): Illuminate\\Container\\Container->resolve('encrypter', Array)
#6 E:\\xampp\\htdocs\\project\\company\\blank_script\\blank_ecomerce_admin_panel\\ecommerce\\vendor\\laravel\\framework\\src\\Illuminate\\Foundation\\Application.php(767): Illuminate\\Container\\Container->make('encrypter', Array)
#7 E:\\xampp\\htdocs\\project\\company\\blank_script\\blank_ecomerce_admin_panel\\ecommerce\\vendor\\laravel\\framework\\src\\Illuminate\\Container\\Container.php(927): Illuminate\\Foundation\\Application->make('encrypter')
#8 E:\\xampp\\htdocs\\project\\company\\blank_script\\blank_ecomerce_admin_panel\\ecommerce\\vendor\\laravel\\framework\\src\\Illuminate\\Container\\Container.php(855): Illuminate\\Container\\Container->resolveClass(Object(ReflectionParameter))
#9 E:\\xampp\\htdocs\\project\\company\\blank_script\\blank_ecomerce_admin_panel\\ecommerce\\vendor\\laravel\\framework\\src\\Illuminate\\Container\\Container.php(816): Illuminate\\Container\\Container->resolveDependencies(Array)
#10 E:\\xampp\\htdocs\\project\\company\\blank_script\\blank_ecomerce_admin_panel\\ecommerce\\vendor\\laravel\\framework\\src\\Illuminate\\Container\\Container.php(667): Illuminate\\Container\\Container->build('App\\\\Http\\\\Middle...')
#11 E:\\xampp\\htdocs\\project\\company\\blank_script\\blank_ecomerce_admin_panel\\ecommerce\\vendor\\laravel\\framework\\src\\Illuminate\\Container\\Container.php(615): Illuminate\\Container\\Container->resolve('App\\\\Http\\\\Middle...', Array)
#12 E:\\xampp\\htdocs\\project\\company\\blank_script\\blank_ecomerce_admin_panel\\ecommerce\\vendor\\laravel\\framework\\src\\Illuminate\\Foundation\\Application.php(767): Illuminate\\Container\\Container->make('App\\\\Http\\\\Middle...', Array)
#13 E:\\xampp\\htdocs\\project\\company\\blank_script\\blank_ecomerce_admin_panel\\ecommerce\\vendor\\laravel\\framework\\src\\Illuminate\\Pipeline\\Pipeline.php(152): Illuminate\\Foundation\\Application->make('App\\\\Http\\\\Middle...')
#14 E:\\xampp\\htdocs\\project\\company\\blank_script\\blank_ecomerce_admin_panel\\ecommerce\\vendor\\laravel\\framework\\src\\Illuminate\\Routing\\Pipeline.php(53): Illuminate\\Pipeline\\Pipeline->Illuminate\\Pipeline\\{closure}(Object(Illuminate\\Http\\Request))
#15 E:\\xampp\\htdocs\\project\\company\\blank_script\\blank_ecomerce_admin_panel\\ecommerce\\vendor\\laravel\\framework\\src\\Illuminate\\Pipeline\\Pipeline.php(104): Illuminate\\Routing\\Pipeline->Illuminate\\Routing\\{closure}(Object(Illuminate\\Http\\Request))
#16 E:\\xampp\\htdocs\\project\\company\\blank_script\\blank_ecomerce_admin_panel\\ecommerce\\vendor\\laravel\\framework\\src\\Illuminate\\Routing\\Router.php(682): Illuminate\\Pipeline\\Pipeline->then(Object(Closure))
#17 E:\\xampp\\htdocs\\project\\company\\blank_script\\blank_ecomerce_admin_panel\\ecommerce\\vendor\\laravel\\framework\\src\\Illuminate\\Routing\\Router.php(657): Illuminate\\Routing\\Router->runRouteWithinStack(Object(Illuminate\\Routing\\Route), Object(Illuminate\\Http\\Request))
#18 E:\\xampp\\htdocs\\project\\company\\blank_script\\blank_ecomerce_admin_panel\\ecommerce\\vendor\\laravel\\framework\\src\\Illuminate\\Routing\\Router.php(623): Illuminate\\Routing\\Router->runRoute(Object(Illuminate\\Http\\Request), Object(Illuminate\\Routing\\Route))
#19 E:\\xampp\\htdocs\\project\\company\\blank_script\\blank_ecomerce_admin_panel\\ecommerce\\vendor\\laravel\\framework\\src\\Illuminate\\Routing\\Router.php(612): Illuminate\\Routing\\Router->dispatchToRoute(Object(Illuminate\\Http\\Request))
#20 E:\\xampp\\htdocs\\project\\company\\blank_script\\blank_ecomerce_admin_panel\\ecommerce\\vendor\\laravel\\framework\\src\\Illuminate\\Foundation\\Http\\Kernel.php(176): Illuminate\\Routing\\Router->dispatch(Object(Illuminate\\Http\\Request))
#21 E:\\xampp\\htdocs\\project\\company\\blank_script\\blank_ecomerce_admin_panel\\ecommerce\\vendor\\laravel\\framework\\src\\Illuminate\\Routing\\Pipeline.php(30): Illuminate\\Foundation\\Http\\Kernel->Illuminate\\Foundation\\Http\\{closure}(Object(Illuminate\\Http\\Request))
#22 E:\\xampp\\htdocs\\project\\company\\blank_script\\blank_ecomerce_admin_panel\\ecommerce\\vendor\\laravel\\framework\\src\\Illuminate\\Foundation\\Http\\Middleware\\TransformsRequest.php(21): Illuminate\\Routing\\Pipeline->Illuminate\\Routing\\{closure}(Object(Illuminate\\Http\\Request))
#23 E:\\xampp\\htdocs\\project\\company\\blank_script\\blank_ecomerce_admin_panel\\ecommerce\\vendor\\laravel\\framework\\src\\Illuminate\\Pipeline\\Pipeline.php(163): Illuminate\\Foundation\\Http\\Middleware\\TransformsRequest->handle(Object(Illuminate\\Http\\Request), Object(Closure))
#24 E:\\xampp\\htdocs\\project\\company\\blank_script\\blank_ecomerce_admin_panel\\ecommerce\\vendor\\laravel\\framework\\src\\Illuminate\\Routing\\Pipeline.php(53): Illuminate\\Pipeline\\Pipeline->Illuminate\\Pipeline\\{closure}(Object(Illuminate\\Http\\Request))
#25 E:\\xampp\\htdocs\\project\\company\\blank_script\\blank_ecomerce_admin_panel\\ecommerce\\vendor\\laravel\\framework\\src\\Illuminate\\Foundation\\Http\\Middleware\\TransformsRequest.php(21): Illuminate\\Routing\\Pipeline->Illuminate\\Routing\\{closure}(Object(Illuminate\\Http\\Request))
#26 E:\\xampp\\htdocs\\project\\company\\blank_script\\blank_ecomerce_admin_panel\\ecommerce\\vendor\\laravel\\framework\\src\\Illuminate\\Pipeline\\Pipeline.php(163): Illuminate\\Foundation\\Http\\Middleware\\TransformsRequest->handle(Object(Illuminate\\Http\\Request), Object(Closure))
#27 E:\\xampp\\htdocs\\project\\company\\blank_script\\blank_ecomerce_admin_panel\\ecommerce\\vendor\\laravel\\framework\\src\\Illuminate\\Routing\\Pipeline.php(53): Illuminate\\Pipeline\\Pipeline->Illuminate\\Pipeline\\{closure}(Object(Illuminate\\Http\\Request))
#28 E:\\xampp\\htdocs\\project\\company\\blank_script\\blank_ecomerce_admin_panel\\ecommerce\\vendor\\laravel\\framework\\src\\Illuminate\\Foundation\\Http\\Middleware\\ValidatePostSize.php(27): Illuminate\\Routing\\Pipeline->Illuminate\\Routing\\{closure}(Object(Illuminate\\Http\\Request))
#29 E:\\xampp\\htdocs\\project\\company\\blank_script\\blank_ecomerce_admin_panel\\ecommerce\\vendor\\laravel\\framework\\src\\Illuminate\\Pipeline\\Pipeline.php(163): Illuminate\\Foundation\\Http\\Middleware\\ValidatePostSize->handle(Object(Illuminate\\Http\\Request), Object(Closure))
#30 E:\\xampp\\htdocs\\project\\company\\blank_script\\blank_ecomerce_admin_panel\\ecommerce\\vendor\\laravel\\framework\\src\\Illuminate\\Routing\\Pipeline.php(53): Illuminate\\Pipeline\\Pipeline->Illuminate\\Pipeline\\{closure}(Object(Illuminate\\Http\\Request))
#31 E:\\xampp\\htdocs\\project\\company\\blank_script\\blank_ecomerce_admin_panel\\ecommerce\\vendor\\laravel\\framework\\src\\Illuminate\\Foundation\\Http\\Middleware\\CheckForMaintenanceMode.php(62): Illuminate\\Routing\\Pipeline->Illuminate\\Routing\\{closure}(Object(Illuminate\\Http\\Request))
#32 E:\\xampp\\htdocs\\project\\company\\blank_script\\blank_ecomerce_admin_panel\\ecommerce\\vendor\\laravel\\framework\\src\\Illuminate\\Pipeline\\Pipeline.php(163): Illuminate\\Foundation\\Http\\Middleware\\CheckForMaintenanceMode->handle(Object(Illuminate\\Http\\Request), Object(Closure))
#33 E:\\xampp\\htdocs\\project\\company\\blank_script\\blank_ecomerce_admin_panel\\ecommerce\\vendor\\laravel\\framework\\src\\Illuminate\\Routing\\Pipeline.php(53): Illuminate\\Pipeline\\Pipeline->Illuminate\\Pipeline\\{closure}(Object(Illuminate\\Http\\Request))
#34 E:\\xampp\\htdocs\\project\\company\\blank_script\\blank_ecomerce_admin_panel\\ecommerce\\vendor\\fideloper\\proxy\\src\\TrustProxies.php(57): Illuminate\\Routing\\Pipeline->Illuminate\\Routing\\{closure}(Object(Illuminate\\Http\\Request))
#35 E:\\xampp\\htdocs\\project\\company\\blank_script\\blank_ecomerce_admin_panel\\ecommerce\\vendor\\laravel\\framework\\src\\Illuminate\\Pipeline\\Pipeline.php(163): Fideloper\\Proxy\\TrustProxies->handle(Object(Illuminate\\Http\\Request), Object(Closure))
#36 E:\\xampp\\htdocs\\project\\company\\blank_script\\blank_ecomerce_admin_panel\\ecommerce\\vendor\\laravel\\framework\\src\\Illuminate\\Routing\\Pipeline.php(53): Illuminate\\Pipeline\\Pipeline->Illuminate\\Pipeline\\{closure}(Object(Illuminate\\Http\\Request))
#37 E:\\xampp\\htdocs\\project\\company\\blank_script\\blank_ecomerce_admin_panel\\ecommerce\\vendor\\laravel\\framework\\src\\Illuminate\\Pipeline\\Pipeline.php(104): Illuminate\\Routing\\Pipeline->Illuminate\\Routing\\{closure}(Object(Illuminate\\Http\\Request))
#38 E:\\xampp\\htdocs\\project\\company\\blank_script\\blank_ecomerce_admin_panel\\ecommerce\\vendor\\laravel\\framework\\src\\Illuminate\\Foundation\\Http\\Kernel.php(151): Illuminate\\Pipeline\\Pipeline->then(Object(Closure))
#39 E:\\xampp\\htdocs\\project\\company\\blank_script\\blank_ecomerce_admin_panel\\ecommerce\\vendor\\laravel\\framework\\src\\Illuminate\\Foundation\\Http\\Kernel.php(116): Illuminate\\Foundation\\Http\\Kernel->sendRequestThroughRouter(Object(Illuminate\\Http\\Request))
#40 E:\\xampp\\htdocs\\project\\company\\blank_script\\blank_ecomerce_admin_panel\\ecommerce\\public\\index.php(54): Illuminate\\Foundation\\Http\\Kernel->handle(Object(Illuminate\\Http\\Request))
#41 E:\\xampp\\htdocs\\project\\company\\blank_script\\blank_ecomerce_admin_panel\\ecommerce\\index.php(22): require_once('E:\\\\xampp\\\\htdocs...')
#42 {main}
"} 
[2022-03-07 12:33:42] production.ERROR: No application encryption key has been specified. {"exception":"[object] (RuntimeException(code: 0): No application encryption key has been specified. at E:\\xampp\\htdocs\\project\\company\\blank_script\\blank_ecomerce_admin_panel\\ecommerce\\vendor\\laravel\\framework\\src\\Illuminate\\Encryption\\EncryptionServiceProvider.php:44)
[stacktrace]
#0 E:\\xampp\\htdocs\\project\\company\\blank_script\\blank_ecomerce_admin_panel\\ecommerce\\vendor\\laravel\\framework\\src\\Illuminate\\Support\\helpers.php(1124): Illuminate\\Encryption\\EncryptionServiceProvider->Illuminate\\Encryption\\{closure}(NULL)
#1 E:\\xampp\\htdocs\\project\\company\\blank_script\\blank_ecomerce_admin_panel\\ecommerce\\vendor\\laravel\\framework\\src\\Illuminate\\Encryption\\EncryptionServiceProvider.php(48): tap(NULL, Object(Closure))
#2 E:\\xampp\\htdocs\\project\\company\\blank_script\\blank_ecomerce_admin_panel\\ecommerce\\vendor\\laravel\\framework\\src\\Illuminate\\Encryption\\EncryptionServiceProvider.php(24): Illuminate\\Encryption\\EncryptionServiceProvider->key(Array)
#3 E:\\xampp\\htdocs\\project\\company\\blank_script\\blank_ecomerce_admin_panel\\ecommerce\\vendor\\laravel\\framework\\src\\Illuminate\\Container\\Container.php(785): Illuminate\\Encryption\\EncryptionServiceProvider->Illuminate\\Encryption\\{closure}(Object(Illuminate\\Foundation\\Application), Array)
#4 E:\\xampp\\htdocs\\project\\company\\blank_script\\blank_ecomerce_admin_panel\\ecommerce\\vendor\\laravel\\framework\\src\\Illuminate\\Container\\Container.php(667): Illuminate\\Container\\Container->build(Object(Closure))
#5 E:\\xampp\\htdocs\\project\\company\\blank_script\\blank_ecomerce_admin_panel\\ecommerce\\vendor\\laravel\\framework\\src\\Illuminate\\Container\\Container.php(615): Illuminate\\Container\\Container->resolve('encrypter', Array)
#6 E:\\xampp\\htdocs\\project\\company\\blank_script\\blank_ecomerce_admin_panel\\ecommerce\\vendor\\laravel\\framework\\src\\Illuminate\\Foundation\\Application.php(767): Illuminate\\Container\\Container->make('encrypter', Array)
#7 E:\\xampp\\htdocs\\project\\company\\blank_script\\blank_ecomerce_admin_panel\\ecommerce\\vendor\\laravel\\framework\\src\\Illuminate\\Container\\Container.php(927): Illuminate\\Foundation\\Application->make('encrypter')
#8 E:\\xampp\\htdocs\\project\\company\\blank_script\\blank_ecomerce_admin_panel\\ecommerce\\vendor\\laravel\\framework\\src\\Illuminate\\Container\\Container.php(855): Illuminate\\Container\\Container->resolveClass(Object(ReflectionParameter))
#9 E:\\xampp\\htdocs\\project\\company\\blank_script\\blank_ecomerce_admin_panel\\ecommerce\\vendor\\laravel\\framework\\src\\Illuminate\\Container\\Container.php(816): Illuminate\\Container\\Container->resolveDependencies(Array)
#10 E:\\xampp\\htdocs\\project\\company\\blank_script\\blank_ecomerce_admin_panel\\ecommerce\\vendor\\laravel\\framework\\src\\Illuminate\\Container\\Container.php(667): Illuminate\\Container\\Container->build('App\\\\Http\\\\Middle...')
#11 E:\\xampp\\htdocs\\project\\company\\blank_script\\blank_ecomerce_admin_panel\\ecommerce\\vendor\\laravel\\framework\\src\\Illuminate\\Container\\Container.php(615): Illuminate\\Container\\Container->resolve('App\\\\Http\\\\Middle...', Array)
#12 E:\\xampp\\htdocs\\project\\company\\blank_script\\blank_ecomerce_admin_panel\\ecommerce\\vendor\\laravel\\framework\\src\\Illuminate\\Foundation\\Application.php(767): Illuminate\\Container\\Container->make('App\\\\Http\\\\Middle...', Array)
#13 E:\\xampp\\htdocs\\project\\company\\blank_script\\blank_ecomerce_admin_panel\\ecommerce\\vendor\\laravel\\framework\\src\\Illuminate\\Foundation\\Http\\Kernel.php(215): Illuminate\\Foundation\\Application->make('App\\\\Http\\\\Middle...')
#14 E:\\xampp\\htdocs\\project\\company\\blank_script\\blank_ecomerce_admin_panel\\ecommerce\\vendor\\laravel\\framework\\src\\Illuminate\\Foundation\\Http\\Kernel.php(189): Illuminate\\Foundation\\Http\\Kernel->terminateMiddleware(Object(Illuminate\\Http\\Request), Object(Illuminate\\Http\\JsonResponse))
#15 E:\\xampp\\htdocs\\project\\company\\blank_script\\blank_ecomerce_admin_panel\\ecommerce\\public\\index.php(59): Illuminate\\Foundation\\Http\\Kernel->terminate(Object(Illuminate\\Http\\Request), Object(Illuminate\\Http\\JsonResponse))
#16 E:\\xampp\\htdocs\\project\\company\\blank_script\\blank_ecomerce_admin_panel\\ecommerce\\index.php(22): require_once('E:\\\\xampp\\\\htdocs...')
#17 {main}
"} 
